0 info it worked if it ends with ok
<<<<<<< HEAD
1 verbose cli [ 'D:\\Node1\\\\node.exe',
1 verbose cli   'D:\\Node1\\node_modules\\npm\\bin\\npm-cli.js',
1 verbose cli   'start' ]
2 info using npm@1.3.24
3 info using node@v0.10.25
4 verbose node symlink D:\Node1\\node.exe
5 verbose run-script [ 'prestart', 'start', 'poststart' ]
6 info prestart loc8r_app@0.0.0
7 info start loc8r_app@0.0.0
8 verbose unsafe-perm in lifecycle true
9 info loc8r_app@0.0.0 Failed to exec start script
10 error loc8r_app@0.0.0 start: `node ./bin/www`
10 error Exit status 8
11 error Failed at the loc8r_app@0.0.0 start script.
11 error This is most likely a problem with the loc8r_app package,
11 error not with npm itself.
11 error Tell the author that this fails on your system:
11 error     node ./bin/www
11 error You can get their info via:
11 error     npm owner ls loc8r_app
11 error There is likely additional logging output above.
12 error System Windows_NT 6.1.7601
13 error command "D:\\Node1\\\\node.exe" "D:\\Node1\\node_modules\\npm\\bin\\npm-cli.js" "start"
14 error cwd D:\MeanApps\loc8r_app
15 error node -v v0.10.25
16 error npm -v 1.3.24
17 error code ELIFECYCLE
18 verbose exit [ 1, true ]
=======
1 verbose cli [ 'node', '/usr/local/bin/npm', 'start' ]
2 info using npm@3.10.3
3 info using node@v0.12.7
4 verbose run-script [ 'prestart', 'start', 'poststart' ]
5 info lifecycle loc8r_app@0.0.0~prestart: loc8r_app@0.0.0
6 silly lifecycle loc8r_app@0.0.0~prestart: no script for prestart, continuing
7 info lifecycle loc8r_app@0.0.0~start: loc8r_app@0.0.0
8 verbose lifecycle loc8r_app@0.0.0~start: unsafe-perm in lifecycle true
9 verbose lifecycle loc8r_app@0.0.0~start: PATH: /usr/local/lib/node_modules/npm/bin/node-gyp-bin:/var/www/html/Loc8r/node_modules/.bin:/usr/local/bin:/home/innofied/adt-bundle-linux-x86_64-20140702/sdk/tools:/home/innofied/adt-bundle-linux-x86_64-20140702/sdk/platform_tools:/usr/lib/jvm/java-8-oracle/bin:/usr/local/sbin:/usr/local/bin:/usr/sbin:/usr/bin:/sbin:/bin:/usr/games:/usr/local/games
10 verbose lifecycle loc8r_app@0.0.0~start: CWD: /var/www/html/Loc8r
11 silly lifecycle loc8r_app@0.0.0~start: Args: [ '-c', 'node ./bin/www' ]
12 silly lifecycle loc8r_app@0.0.0~start: Returned: code: 1  signal: null
13 info lifecycle loc8r_app@0.0.0~start: Failed to exec start script
14 verbose stack Error: loc8r_app@0.0.0 start: `node ./bin/www`
14 verbose stack Exit status 1
14 verbose stack     at EventEmitter.<anonymous> (/usr/local/lib/node_modules/npm/lib/utils/lifecycle.js:242:16)
14 verbose stack     at EventEmitter.emit (events.js:110:17)
14 verbose stack     at ChildProcess.<anonymous> (/usr/local/lib/node_modules/npm/lib/utils/spawn.js:40:14)
14 verbose stack     at ChildProcess.emit (events.js:110:17)
14 verbose stack     at maybeClose (child_process.js:1015:16)
14 verbose stack     at Process.ChildProcess._handle.onexit (child_process.js:1087:5)
15 verbose pkgid loc8r_app@0.0.0
16 verbose cwd /var/www/html/Loc8r
17 error Linux 3.13.0-54-generic
18 error argv "node" "/usr/local/bin/npm" "start"
19 error node v0.12.7
20 error npm  v3.10.3
21 error code ELIFECYCLE
22 error loc8r_app@0.0.0 start: `node ./bin/www`
22 error Exit status 1
23 error Failed at the loc8r_app@0.0.0 start script 'node ./bin/www'.
23 error Make sure you have the latest version of node.js and npm installed.
23 error If you do, this is most likely a problem with the loc8r_app package,
23 error not with npm itself.
23 error Tell the author that this fails on your system:
23 error     node ./bin/www
23 error You can get information on how to open an issue for this project with:
23 error     npm bugs loc8r_app
23 error Or if that isn't available, you can get their info via:
23 error     npm owner ls loc8r_app
23 error There is likely additional logging output above.
24 verbose exit [ 1, true ]
>>>>>>> 905f7256d2a846783af17f70fd4f822c468f88dc
